
> ultraviolet-helix@0.1.0 build
> next build

▲ Next.js 16.2.3 (Turbopack)
- Environments: .env

  Creating an optimized production build ...
✓ Compiled successfully in 1438ms
  Running TypeScript ...
  Finished TypeScript in 1737ms ...
  Collecting page data using 7 workers ...
  Generating static pages using 7 workers (0/3) ...
✓ Generating static pages using 7 workers (3/3) in 97ms
  Finalizing page optimization ...

Route (app)
┌ ƒ /
├ ○ /_not-found
├ ƒ /clientes
├ ƒ /facturas/[id]
└ ƒ /facturas/nueva


○  (Static)   prerendered as static content
ƒ  (Dynamic)  server-rendered on demand

